{"/home/juancho-r/proyectos/cursos/web-elite/course-web-elite-utility-library/src/index.ts": {"path":"/home/juancho-r/proyectos/cursos/web-elite/course-web-elite-utility-library/src/index.ts","all":false,"statementMap":{"0":{"start":{"line":1,"column":0},"end":{"line":1,"column":24}}},"s":{"0":1},"branchMap":{},"b":{},"fnMap":{},"f":{}}
,"/home/juancho-r/proyectos/cursos/web-elite/course-web-elite-utility-library/src/maybe/factory.ts": {"path":"/home/juancho-r/proyectos/cursos/web-elite/course-web-elite-utility-library/src/maybe/factory.ts","all":false,"statementMap":{"2":{"start":{"line":3,"column":0},"end":{"line":3,"column":32}},"4":{"start":{"line":5,"column":0},"end":{"line":5,"column":63}},"5":{"start":{"line":6,"column":0},"end":{"line":6,"column":48}},"6":{"start":{"line":7,"column":0},"end":{"line":7,"column":40}},"7":{"start":{"line":8,"column":0},"end":{"line":8,"column":5}},"8":{"start":{"line":9,"column":0},"end":{"line":9,"column":21}},"9":{"start":{"line":10,"column":0},"end":{"line":10,"column":2}}},"s":{"2":1,"4":1,"5":66,"6":31,"7":31,"8":35,"9":1},"branchMap":{"0":{"type":"branch","line":5,"loc":{"start":{"line":5,"column":7},"end":{"line":10,"column":1}},"locations":[{"start":{"line":5,"column":7},"end":{"line":10,"column":1}}]},"1":{"type":"branch","line":6,"loc":{"start":{"line":6,"column":18},"end":{"line":6,"column":47}},"locations":[{"start":{"line":6,"column":18},"end":{"line":6,"column":47}}]},"2":{"type":"branch","line":6,"loc":{"start":{"line":6,"column":47},"end":{"line":8,"column":5}},"locations":[{"start":{"line":6,"column":47},"end":{"line":8,"column":5}}]},"3":{"type":"branch","line":8,"loc":{"start":{"line":8,"column":4},"end":{"line":10,"column":1}},"locations":[{"start":{"line":8,"column":4},"end":{"line":10,"column":1}}]}},"b":{"0":[66],"1":[39],"2":[31],"3":[35]},"fnMap":{"0":{"name":"buildMaybe","decl":{"start":{"line":5,"column":7},"end":{"line":10,"column":1}},"loc":{"start":{"line":5,"column":7},"end":{"line":10,"column":1}},"line":5}},"f":{"0":66}}
,"/home/juancho-r/proyectos/cursos/web-elite/course-web-elite-utility-library/src/maybe/functions.ts": {"path":"/home/juancho-r/proyectos/cursos/web-elite/course-web-elite-utility-library/src/maybe/functions.ts","all":false,"statementMap":{"0":{"start":{"line":1,"column":0},"end":{"line":1,"column":39}},"3":{"start":{"line":4,"column":0},"end":{"line":4,"column":73}},"4":{"start":{"line":5,"column":0},"end":{"line":5,"column":49}},"5":{"start":{"line":6,"column":0},"end":{"line":6,"column":1}},"7":{"start":{"line":8,"column":0},"end":{"line":8,"column":65}},"8":{"start":{"line":9,"column":0},"end":{"line":9,"column":33}},"9":{"start":{"line":10,"column":0},"end":{"line":10,"column":1}},"11":{"start":{"line":12,"column":0},"end":{"line":12,"column":55}},"12":{"start":{"line":13,"column":0},"end":{"line":13,"column":36}},"13":{"start":{"line":14,"column":0},"end":{"line":14,"column":1}},"15":{"start":{"line":16,"column":0},"end":{"line":16,"column":57}},"16":{"start":{"line":17,"column":0},"end":{"line":17,"column":38}},"17":{"start":{"line":18,"column":0},"end":{"line":18,"column":1}},"19":{"start":{"line":20,"column":0},"end":{"line":20,"column":67}},"20":{"start":{"line":21,"column":0},"end":{"line":21,"column":35}},"21":{"start":{"line":22,"column":0},"end":{"line":22,"column":27}},"22":{"start":{"line":23,"column":0},"end":{"line":23,"column":5}},"23":{"start":{"line":24,"column":0},"end":{"line":24,"column":24}},"24":{"start":{"line":25,"column":0},"end":{"line":25,"column":1}},"26":{"start":{"line":27,"column":0},"end":{"line":27,"column":80}},"27":{"start":{"line":28,"column":0},"end":{"line":28,"column":35}},"28":{"start":{"line":29,"column":0},"end":{"line":29,"column":47}},"29":{"start":{"line":30,"column":0},"end":{"line":30,"column":5}},"30":{"start":{"line":31,"column":0},"end":{"line":31,"column":24}},"31":{"start":{"line":32,"column":0},"end":{"line":32,"column":1}},"33":{"start":{"line":34,"column":0},"end":{"line":34,"column":87}},"34":{"start":{"line":35,"column":0},"end":{"line":35,"column":36}},"35":{"start":{"line":36,"column":0},"end":{"line":36,"column":39}},"36":{"start":{"line":37,"column":0},"end":{"line":37,"column":32}},"37":{"start":{"line":38,"column":0},"end":{"line":38,"column":9}},"38":{"start":{"line":39,"column":0},"end":{"line":39,"column":29}},"39":{"start":{"line":40,"column":0},"end":{"line":40,"column":21}},"40":{"start":{"line":41,"column":0},"end":{"line":41,"column":1}},"42":{"start":{"line":43,"column":0},"end":{"line":43,"column":89}},"43":{"start":{"line":44,"column":0},"end":{"line":44,"column":61}},"44":{"start":{"line":45,"column":0},"end":{"line":45,"column":21}},"45":{"start":{"line":46,"column":0},"end":{"line":46,"column":5}},"46":{"start":{"line":47,"column":0},"end":{"line":47,"column":24}},"47":{"start":{"line":48,"column":0},"end":{"line":48,"column":1}}},"s":{"0":1,"3":1,"4":57,"5":57,"7":1,"8":26,"9":26,"11":1,"12":7,"13":7,"15":1,"16":18,"17":18,"19":1,"20":3,"21":1,"22":1,"23":2,"24":2,"26":1,"27":3,"28":1,"29":1,"30":2,"31":2,"33":1,"34":7,"35":13,"36":5,"37":5,"38":8,"39":7,"40":7,"42":1,"43":5,"44":1,"45":1,"46":4,"47":4},"branchMap":{"0":{"type":"branch","line":4,"loc":{"start":{"line":4,"column":7},"end":{"line":6,"column":1}},"locations":[{"start":{"line":4,"column":7},"end":{"line":6,"column":1}}]},"1":{"type":"branch","line":5,"loc":{"start":{"line":5,"column":21},"end":{"line":5,"column":49}},"locations":[{"start":{"line":5,"column":21},"end":{"line":5,"column":49}}]},"2":{"type":"branch","line":8,"loc":{"start":{"line":8,"column":7},"end":{"line":10,"column":1}},"locations":[{"start":{"line":8,"column":7},"end":{"line":10,"column":1}}]},"3":{"type":"branch","line":12,"loc":{"start":{"line":12,"column":7},"end":{"line":14,"column":1}},"locations":[{"start":{"line":12,"column":7},"end":{"line":14,"column":1}}]},"4":{"type":"branch","line":16,"loc":{"start":{"line":16,"column":7},"end":{"line":18,"column":1}},"locations":[{"start":{"line":16,"column":7},"end":{"line":18,"column":1}}]},"5":{"type":"branch","line":20,"loc":{"start":{"line":20,"column":7},"end":{"line":25,"column":1}},"locations":[{"start":{"line":20,"column":7},"end":{"line":25,"column":1}}]},"6":{"type":"branch","line":21,"loc":{"start":{"line":21,"column":34},"end":{"line":23,"column":5}},"locations":[{"start":{"line":21,"column":34},"end":{"line":23,"column":5}}]},"7":{"type":"branch","line":23,"loc":{"start":{"line":23,"column":4},"end":{"line":25,"column":1}},"locations":[{"start":{"line":23,"column":4},"end":{"line":25,"column":1}}]},"8":{"type":"branch","line":27,"loc":{"start":{"line":27,"column":7},"end":{"line":32,"column":1}},"locations":[{"start":{"line":27,"column":7},"end":{"line":32,"column":1}}]},"9":{"type":"branch","line":28,"loc":{"start":{"line":28,"column":34},"end":{"line":30,"column":5}},"locations":[{"start":{"line":28,"column":34},"end":{"line":30,"column":5}}]},"10":{"type":"branch","line":30,"loc":{"start":{"line":30,"column":4},"end":{"line":32,"column":1}},"locations":[{"start":{"line":30,"column":4},"end":{"line":32,"column":1}}]},"11":{"type":"branch","line":34,"loc":{"start":{"line":34,"column":7},"end":{"line":41,"column":1}},"locations":[{"start":{"line":34,"column":7},"end":{"line":41,"column":1}}]},"12":{"type":"branch","line":35,"loc":{"start":{"line":35,"column":22},"end":{"line":40,"column":7}},"locations":[{"start":{"line":35,"column":22},"end":{"line":40,"column":7}}]},"13":{"type":"branch","line":36,"loc":{"start":{"line":36,"column":38},"end":{"line":38,"column":9}},"locations":[{"start":{"line":36,"column":38},"end":{"line":38,"column":9}}]},"14":{"type":"branch","line":38,"loc":{"start":{"line":38,"column":8},"end":{"line":39,"column":29}},"locations":[{"start":{"line":38,"column":8},"end":{"line":39,"column":29}}]},"15":{"type":"branch","line":43,"loc":{"start":{"line":43,"column":7},"end":{"line":48,"column":1}},"locations":[{"start":{"line":43,"column":7},"end":{"line":48,"column":1}}]},"16":{"type":"branch","line":44,"loc":{"start":{"line":44,"column":31},"end":{"line":44,"column":60}},"locations":[{"start":{"line":44,"column":31},"end":{"line":44,"column":60}}]},"17":{"type":"branch","line":44,"loc":{"start":{"line":44,"column":60},"end":{"line":46,"column":5}},"locations":[{"start":{"line":44,"column":60},"end":{"line":46,"column":5}}]},"18":{"type":"branch","line":46,"loc":{"start":{"line":46,"column":4},"end":{"line":48,"column":1}},"locations":[{"start":{"line":46,"column":4},"end":{"line":48,"column":1}}]}},"b":{"0":[57],"1":[52],"2":[26],"3":[7],"4":[18],"5":[3],"6":[1],"7":[2],"8":[3],"9":[1],"10":[2],"11":[7],"12":[13],"13":[5],"14":[8],"15":[5],"16":[3],"17":[1],"18":[4]},"fnMap":{"0":{"name":"isNothingType","decl":{"start":{"line":4,"column":7},"end":{"line":6,"column":1}},"loc":{"start":{"line":4,"column":7},"end":{"line":6,"column":1}},"line":4},"1":{"name":"isValueType","decl":{"start":{"line":8,"column":7},"end":{"line":10,"column":1}},"loc":{"start":{"line":8,"column":7},"end":{"line":10,"column":1}},"line":8},"2":{"name":"isValue","decl":{"start":{"line":12,"column":7},"end":{"line":14,"column":1}},"loc":{"start":{"line":12,"column":7},"end":{"line":14,"column":1}},"line":12},"3":{"name":"isNothing","decl":{"start":{"line":16,"column":7},"end":{"line":18,"column":1}},"loc":{"start":{"line":16,"column":7},"end":{"line":18,"column":1}},"line":16},"4":{"name":"evaluate","decl":{"start":{"line":20,"column":7},"end":{"line":25,"column":1}},"loc":{"start":{"line":20,"column":7},"end":{"line":25,"column":1}},"line":20},"5":{"name":"map","decl":{"start":{"line":27,"column":7},"end":{"line":32,"column":1}},"loc":{"start":{"line":27,"column":7},"end":{"line":32,"column":1}},"line":27},"6":{"name":"reduce","decl":{"start":{"line":34,"column":7},"end":{"line":41,"column":1}},"loc":{"start":{"line":34,"column":7},"end":{"line":41,"column":1}},"line":34},"7":{"name":"filter","decl":{"start":{"line":43,"column":7},"end":{"line":48,"column":1}},"loc":{"start":{"line":43,"column":7},"end":{"line":48,"column":1}},"line":43}},"f":{"0":57,"1":26,"2":7,"3":18,"4":3,"5":3,"6":7,"7":5}}
,"/home/juancho-r/proyectos/cursos/web-elite/course-web-elite-utility-library/src/maybe/index.ts": {"path":"/home/juancho-r/proyectos/cursos/web-elite/course-web-elite-utility-library/src/maybe/index.ts","all":false,"statementMap":{"0":{"start":{"line":1,"column":0},"end":{"line":1,"column":39}}},"s":{"0":1},"branchMap":{},"b":{},"fnMap":{},"f":{}}
}
